<?xml version="1.0" encoding="UTF-8" standalone="no"?>
<!DOCTYPE log SYSTEM "logger.dtd">
<log>
<record>
  <date>2019-07-10T20:29:41</date>
  <millis>1562815781583</millis>
  <sequence>0</sequence>
  <level>START</level>
  <class>com.kms.katalon.core.logging.XmlKeywordLogger</class>
  <method>startSuite</method>
  <thread>1</thread>
  <message>Start Test Suite : Test Suites/Project</message>
  <nestedLevel>0</nestedLevel>
  <property name="name">Project</property>
  <property name="description"></property>
  <property name="id">Test Suites/Project</property>
</record>
<record>
  <date>2019-07-10T20:29:41</date>
  <millis>1562815781596</millis>
  <sequence>1</sequence>
  <level>RUN_DATA</level>
  <class>com.kms.katalon.core.logging.XmlKeywordLogger</class>
  <method>logMessage</method>
  <thread>1</thread>
  <message>hostName = phong.tran - DESKTOP-6R9UECD</message>
  <nestedLevel>0</nestedLevel>
  <property name="hostName">phong.tran - DESKTOP-6R9UECD</property>
</record>
<record>
  <date>2019-07-10T20:29:41</date>
  <millis>1562815781597</millis>
  <sequence>2</sequence>
  <level>RUN_DATA</level>
  <class>com.kms.katalon.core.logging.XmlKeywordLogger</class>
  <method>logMessage</method>
  <thread>1</thread>
  <message>os = Windows 10 64bit</message>
  <nestedLevel>0</nestedLevel>
  <property name="os">Windows 10 64bit</property>
</record>
<record>
  <date>2019-07-10T20:29:41</date>
  <millis>1562815781597</millis>
  <sequence>3</sequence>
  <level>RUN_DATA</level>
  <class>com.kms.katalon.core.logging.XmlKeywordLogger</class>
  <method>logMessage</method>
  <thread>1</thread>
  <message>hostAddress = 192.168.1.148</message>
  <nestedLevel>0</nestedLevel>
  <property name="hostAddress">192.168.1.148</property>
</record>
<record>
  <date>2019-07-10T20:29:41</date>
  <millis>1562815781599</millis>
  <sequence>4</sequence>
  <level>RUN_DATA</level>
  <class>com.kms.katalon.core.logging.XmlKeywordLogger</class>
  <method>logMessage</method>
  <thread>1</thread>
  <message>katalonVersion = 6.2.0.1</message>
  <nestedLevel>0</nestedLevel>
  <property name="katalonVersion">6.2.0.1</property>
</record>
<record>
  <date>2019-07-10T20:29:41</date>
  <millis>1562815781603</millis>
  <sequence>5</sequence>
  <level>START</level>
  <class>com.kms.katalon.core.logging.XmlKeywordLogger</class>
  <method>startKeyword</method>
  <thread>1</thread>
  <message>Start listener action : sampleBeforeTestSuite</message>
  <nestedLevel>0</nestedLevel>
</record>
<record>
  <date>2019-07-10T20:29:41</date>
  <millis>1562815781612</millis>
  <sequence>7</sequence>
  <level>START</level>
  <class>com.kms.katalon.core.logging.XmlKeywordLogger</class>
  <method>startKeyword</method>
  <thread>1</thread>
  <message>Start action : println(testSuiteContext.getTestSuiteId())</message>
  <nestedLevel>1</nestedLevel>
  <property name="startLine">50</property>
  <property name="stepIndex">1</property>
</record>
<record>
  <date>2019-07-10T20:29:41</date>
  <millis>1562815781618</millis>
  <sequence>9</sequence>
  <level>END</level>
  <class>com.kms.katalon.core.logging.XmlKeywordLogger</class>
  <method>endKeyword</method>
  <thread>1</thread>
  <message>End action : println(testSuiteContext.getTestSuiteId())</message>
  <nestedLevel>1</nestedLevel>
</record>
<record>
  <date>2019-07-10T20:29:41</date>
  <millis>1562815781618</millis>
  <sequence>10</sequence>
  <level>END</level>
  <class>com.kms.katalon.core.logging.XmlKeywordLogger</class>
  <method>endKeyword</method>
  <thread>1</thread>
  <message>End listener action : sampleBeforeTestSuite</message>
  <nestedLevel>0</nestedLevel>
</record>
<record>
  <date>2019-07-10T20:29:41</date>
  <millis>1562815781789</millis>
  <sequence>11</sequence>
  <level>START</level>
  <class>com.kms.katalon.core.logging.XmlKeywordLogger</class>
  <method>startTest</method>
  <thread>1</thread>
  <message>Start Test Case : Test Cases/CreateNewProject</message>
  <nestedLevel>1</nestedLevel>
  <property name="name">Test Cases/CreateNewProject</property>
  <property name="description"></property>
  <property name="id">Test Cases/CreateNewProject</property>
  <property name="source">D:\\Works\\project\\S1-Auto\\Test Cases\\CreateNewProject.tc</property>
  <property name="tag"></property>
  <property name="isOptional">false</property>
</record>
<record>
  <date>2019-07-10T20:29:41</date>
  <millis>1562815781813</millis>
  <sequence>13</sequence>
  <level>INFO</level>
  <class>com.kms.katalon.core.logging.XmlKeywordLogger</class>
  <method>logMessage</method>
  <thread>1</thread>
  <message>regionName = Japan</message>
  <nestedLevel>1</nestedLevel>
</record>
<record>
  <date>2019-07-10T20:29:41</date>
  <millis>1562815781814</millis>
  <sequence>14</sequence>
  <level>INFO</level>
  <class>com.kms.katalon.core.logging.XmlKeywordLogger</class>
  <method>logMessage</method>
  <thread>1</thread>
  <message>marketName = Chi Pa</message>
  <nestedLevel>1</nestedLevel>
</record>
<record>
  <date>2019-07-10T20:29:41</date>
  <millis>1562815781814</millis>
  <sequence>15</sequence>
  <level>INFO</level>
  <class>com.kms.katalon.core.logging.XmlKeywordLogger</class>
  <method>logMessage</method>
  <thread>1</thread>
  <message>projectName = Project testing 2</message>
  <nestedLevel>1</nestedLevel>
</record>
<record>
  <date>2019-07-10T20:29:41</date>
  <millis>1562815781814</millis>
  <sequence>16</sequence>
  <level>INFO</level>
  <class>com.kms.katalon.core.logging.XmlKeywordLogger</class>
  <method>logMessage</method>
  <thread>1</thread>
  <message>location = Atlantic City, NJ, USA</message>
  <nestedLevel>1</nestedLevel>
</record>
<record>
  <date>2019-07-10T20:29:41</date>
  <millis>1562815781814</millis>
  <sequence>17</sequence>
  <level>INFO</level>
  <class>com.kms.katalon.core.logging.XmlKeywordLogger</class>
  <method>logMessage</method>
  <thread>1</thread>
  <message>costCode = cost code 1111</message>
  <nestedLevel>1</nestedLevel>
</record>
<record>
  <date>2019-07-10T20:29:41</date>
  <millis>1562815781815</millis>
  <sequence>18</sequence>
  <level>INFO</level>
  <class>com.kms.katalon.core.logging.XmlKeywordLogger</class>
  <method>logMessage</method>
  <thread>1</thread>
  <message>projectOwner = builder 101</message>
  <nestedLevel>1</nestedLevel>
</record>
<record>
  <date>2019-07-10T20:29:41</date>
  <millis>1562815781815</millis>
  <sequence>19</sequence>
  <level>INFO</level>
  <class>com.kms.katalon.core.logging.XmlKeywordLogger</class>
  <method>logMessage</method>
  <thread>1</thread>
  <message>emergencyPhone = 111222333</message>
  <nestedLevel>1</nestedLevel>
</record>
<record>
  <date>2019-07-10T20:29:41</date>
  <millis>1562815781817</millis>
  <sequence>20</sequence>
  <level>START</level>
  <class>com.kms.katalon.core.logging.XmlKeywordLogger</class>
  <method>startKeyword</method>
  <thread>1</thread>
  <message>Start listener action : sampleBeforeTestCase</message>
  <nestedLevel>1</nestedLevel>
</record>
<record>
  <date>2019-07-10T20:29:41</date>
  <millis>1562815781818</millis>
  <sequence>23</sequence>
  <level>END</level>
  <class>com.kms.katalon.core.logging.XmlKeywordLogger</class>
  <method>endKeyword</method>
  <thread>1</thread>
  <message>End listener action : sampleBeforeTestCase</message>
  <nestedLevel>1</nestedLevel>
</record>
<record>
  <date>2019-07-10T20:29:41</date>
  <millis>1562815781818</millis>
  <sequence>25</sequence>
  <level>START</level>
  <class>com.kms.katalon.core.logging.XmlKeywordLogger</class>
  <method>startKeyword</method>
  <thread>1</thread>
  <message>Start setup action : SetUp</message>
  <nestedLevel>1</nestedLevel>
  <property name="stepIndex">1</property>
</record>
<record>
  <date>2019-07-10T20:29:42</date>
  <millis>1562815782090</millis>
  <sequence>26</sequence>
  <level>START</level>
  <class>com.kms.katalon.core.logging.XmlKeywordLogger</class>
  <method>startKeyword</method>
  <thread>1</thread>
  <message>Start action : commonKeyword.Table.Login(URL_Project)</message>
  <nestedLevel>1</nestedLevel>
  <property name="startLine">66</property>
  <property name="stepIndex">1</property>
</record>
<record>
  <date>2019-07-10T20:29:42</date>
  <millis>1562815782436</millis>
  <sequence>28</sequence>
  <level>INFO</level>
  <class>com.kms.katalon.core.logging.XmlKeywordLogger</class>
  <method>logMessage</method>
  <thread>1</thread>
  <message>Starting &amp;apos;Chrome&amp;apos; driver</message>
  <nestedLevel>1</nestedLevel>
</record>
<record>
  <date>2019-07-10T20:29:42</date>
  <millis>1562815782481</millis>
  <sequence>30</sequence>
  <level>INFO</level>
  <class>com.kms.katalon.core.logging.XmlKeywordLogger</class>
  <method>logMessage</method>
  <thread>1</thread>
  <message>Action delay is set to 0 seconds</message>
  <nestedLevel>1</nestedLevel>
</record>
<record>
  <date>2019-07-10T20:29:45</date>
  <millis>1562815785552</millis>
  <sequence>32</sequence>
  <level>RUN_DATA</level>
  <class>com.kms.katalon.core.logging.XmlKeywordLogger</class>
  <method>logMessage</method>
  <thread>1</thread>
  <message>sessionId = 8fb98645f43e3df8c44fca65d9e0c129</message>
  <nestedLevel>1</nestedLevel>
  <property name="sessionId">8fb98645f43e3df8c44fca65d9e0c129</property>
</record>
<record>
  <date>2019-07-10T20:29:45</date>
  <millis>1562815785616</millis>
  <sequence>33</sequence>
  <level>RUN_DATA</level>
  <class>com.kms.katalon.core.logging.XmlKeywordLogger</class>
  <method>logMessage</method>
  <thread>1</thread>
  <message>browser = Chrome 75.0.3770.100</message>
  <nestedLevel>1</nestedLevel>
  <property name="browser">Chrome 75.0.3770.100</property>
</record>
<record>
  <date>2019-07-10T20:29:45</date>
  <millis>1562815785617</millis>
  <sequence>34</sequence>
  <level>RUN_DATA</level>
  <class>com.kms.katalon.core.logging.XmlKeywordLogger</class>
  <method>logMessage</method>
  <thread>1</thread>
  <message>platform = Windows 10</message>
  <nestedLevel>1</nestedLevel>
  <property name="platform">Windows 10</property>
</record>
<record>
  <date>2019-07-10T20:29:45</date>
  <millis>1562815785618</millis>
  <sequence>35</sequence>
  <level>RUN_DATA</level>
  <class>com.kms.katalon.core.logging.XmlKeywordLogger</class>
  <method>logMessage</method>
  <thread>1</thread>
  <message>seleniumVersion = 3.141.59</message>
  <nestedLevel>1</nestedLevel>
  <property name="seleniumVersion">3.141.59</property>
</record>
<record>
  <date>2019-07-10T20:29:45</date>
  <millis>1562815785619</millis>
  <sequence>36</sequence>
  <level>RUN_DATA</level>
  <class>com.kms.katalon.core.logging.XmlKeywordLogger</class>
  <method>logMessage</method>
  <thread>1</thread>
  <message>proxyInformation = ProxyInformation{proxyOption=NO_PROXY, proxyServerType=HTTP, password=, proxyServerAddress=, proxyServerPort=0}</message>
  <nestedLevel>1</nestedLevel>
  <property name="proxyInformation">ProxyInformation{proxyOption=NO_PROXY, proxyServerType=HTTP, password=, proxyServerAddress=, proxyServerPort=0}</property>
</record>
